This file contains any messages produced by compilers while
running configure, to aid debugging if configure makes a mistake.

It was created by xf86-video-cube configure 1.0.0, which was
generated by GNU Autoconf 2.61.  Invocation command line was

  $ ./configure 

## --------- ##
## Platform. ##
## --------- ##

hostname = whiite
uname -m = ppc
uname -r = 2.6.32-isobel-wii
uname -s = Linux
uname -v = #1 PREEMPT Sun Dec 6 20:42:34 CET 2009

/usr/bin/uname -p = unknown
/bin/uname -X     = unknown

/bin/arch              = unknown
/usr/bin/arch -k       = unknown
/usr/convex/getsysinfo = unknown
/usr/bin/hostinfo      = unknown
/bin/machine           = unknown
/usr/bin/oslevel       = unknown
/bin/universe          = unknown

PATH: /usr/local/bin
PATH: /usr/bin
PATH: /bin
PATH: /usr/bin/X11
PATH: /usr/games


## ----------- ##
## Core tests. ##
## ----------- ##

configure:2028: checking for a BSD-compatible install
configure:2084: result: /usr/bin/install -c
configure:2095: checking whether build environment is sane
configure:2138: result: yes
configure:2166: checking for a thread-safe mkdir -p
configure:2205: result: /bin/mkdir -p
configure:2218: checking for gawk
configure:2248: result: no
configure:2218: checking for mawk
configure:2234: found /usr/bin/mawk
configure:2245: result: mawk
configure:2256: checking whether make sets $(MAKE)
configure:2277: result: yes
configure:2466: checking whether to enable maintainer-specific portions of Makefiles
configure:2475: result: no
configure:2569: checking build system type
configure:2587: result: powerpc-unknown-linux-gnu
configure:2609: checking host system type
configure:2624: result: powerpc-unknown-linux-gnu
configure:2658: checking for style of include used by make
configure:2686: result: GNU
configure:2756: checking for gcc
configure:2772: found /usr/bin/gcc
configure:2783: result: gcc
configure:3021: checking for C compiler version
configure:3028: gcc --version >&5
gcc (Debian 4.4.5-8) 4.4.5
Copyright (C) 2010 Free Software Foundation, Inc.
This is free software; see the source for copying conditions.  There is NO
warranty; not even for MERCHANTABILITY or FITNESS FOR A PARTICULAR PURPOSE.

configure:3031: $? = 0
configure:3038: gcc -v >&5
Using built-in specs.
Target: powerpc-linux-gnu
Configured with: ../src/configure -v --with-pkgversion='Debian 4.4.5-8' --with-bugurl=file:///usr/share/doc/gcc-4.4/README.Bugs --enable-languages=c,c++,fortran,objc,obj-c++ --prefix=/usr --program-suffix=-4.4 --enable-shared --enable-multiarch --enable-linker-build-id --with-system-zlib --libexecdir=/usr/lib --without-included-gettext --enable-threads=posix --with-gxx-include-dir=/usr/include/c++/4.4 --libdir=/usr/lib --enable-nls --enable-clocale=gnu --enable-libstdcxx-debug --enable-objc-gc --enable-secureplt --disable-softfloat --enable-targets=powerpc-linux,powerpc64-linux --with-cpu=default32 --with-long-double-128 --enable-checking=release --build=powerpc-linux-gnu --host=powerpc-linux-gnu --target=powerpc-linux-gnu
Thread model: posix
gcc version 4.4.5 (Debian 4.4.5-8) 
configure:3041: $? = 0
configure:3048: gcc -V >&5
gcc: '-V' option must have argument
configure:3051: $? = 1
configure:3074: checking for C compiler default output file name
configure:3101: gcc    conftest.c  >&5
configure:3104: $? = 0
configure:3142: result: a.out
configure:3159: checking whether the C compiler works
configure:3169: ./a.out
configure:3172: $? = 0
configure:3189: result: yes
configure:3196: checking whether we are cross compiling
configure:3198: result: no
configure:3201: checking for suffix of executables
configure:3208: gcc -o conftest    conftest.c  >&5
configure:3211: $? = 0
configure:3235: result: 
configure:3241: checking for suffix of object files
configure:3267: gcc -c   conftest.c >&5
configure:3270: $? = 0
configure:3293: result: o
configure:3297: checking whether we are using the GNU C compiler
configure:3326: gcc -c   conftest.c >&5
configure:3332: $? = 0
configure:3349: result: yes
configure:3354: checking whether gcc accepts -g
configure:3384: gcc -c -g  conftest.c >&5
configure:3390: $? = 0
configure:3489: result: yes
configure:3506: checking for gcc option to accept ISO C89
configure:3580: gcc  -c -g -O2  conftest.c >&5
configure:3586: $? = 0
configure:3609: result: none needed
configure:3629: checking dependency style of gcc
configure:3720: result: gcc3
configure:3735: checking for a sed that does not truncate output
configure:3791: result: /bin/sed
configure:3794: checking for grep that handles long lines and -e
configure:3868: result: /bin/grep
configure:3873: checking for egrep
configure:3951: result: /bin/grep -E
configure:3967: checking for ld used by gcc
configure:4034: result: /usr/bin/ld
configure:4043: checking if the linker (/usr/bin/ld) is GNU ld
configure:4058: result: yes
configure:4063: checking for /usr/bin/ld option to reload object files
configure:4070: result: -r
configure:4088: checking for BSD-compatible nm
configure:4137: result: /usr/bin/nm -B
configure:4141: checking whether ln -s works
configure:4145: result: yes
configure:4152: checking how to recognize dependent libraries
configure:4338: result: pass_all
configure:4427: gcc -c -g -O2  conftest.c >&5
configure:4430: $? = 0
configure:4580: checking how to run the C preprocessor
configure:4620: gcc -E  conftest.c
configure:4626: $? = 0
configure:4657: gcc -E  conftest.c
conftest.c:10:28: error: ac_nonexistent.h: No such file or directory
configure:4663: $? = 1
configure: failed program was:
| /* confdefs.h.  */
| #define PACKAGE_NAME "xf86-video-cube"
| #define PACKAGE_TARNAME "xf86-video-cube"
| #define PACKAGE_VERSION "1.0.0"
| #define PACKAGE_STRING "xf86-video-cube 1.0.0"
| #define PACKAGE_BUGREPORT "https://bugs.freedesktop.org/enter_bug.cgi?product=xorg"
| #define PACKAGE "xf86-video-cube"
| #define VERSION "1.0.0"
| /* end confdefs.h.  */
| #include <ac_nonexistent.h>
configure:4696: result: gcc -E
configure:4725: gcc -E  conftest.c
configure:4731: $? = 0
configure:4762: gcc -E  conftest.c
conftest.c:10:28: error: ac_nonexistent.h: No such file or directory
configure:4768: $? = 1
configure: failed program was:
| /* confdefs.h.  */
| #define PACKAGE_NAME "xf86-video-cube"
| #define PACKAGE_TARNAME "xf86-video-cube"
| #define PACKAGE_VERSION "1.0.0"
| #define PACKAGE_STRING "xf86-video-cube 1.0.0"
| #define PACKAGE_BUGREPORT "https://bugs.freedesktop.org/enter_bug.cgi?product=xorg"
| #define PACKAGE "xf86-video-cube"
| #define VERSION "1.0.0"
| /* end confdefs.h.  */
| #include <ac_nonexistent.h>
configure:4806: checking for ANSI C header files
configure:4836: gcc -c -g -O2  conftest.c >&5
configure:4842: $? = 0
configure:4941: gcc -o conftest -g -O2   conftest.c  >&5
configure:4944: $? = 0
configure:4950: ./conftest
configure:4953: $? = 0
configure:4970: result: yes
configure:4994: checking for sys/types.h
configure:5015: gcc -c -g -O2  conftest.c >&5
configure:5021: $? = 0
configure:5037: result: yes
configure:4994: checking for sys/stat.h
configure:5015: gcc -c -g -O2  conftest.c >&5
configure:5021: $? = 0
configure:5037: result: yes
configure:4994: checking for stdlib.h
configure:5015: gcc -c -g -O2  conftest.c >&5
configure:5021: $? = 0
configure:5037: result: yes
configure:4994: checking for string.h
configure:5015: gcc -c -g -O2  conftest.c >&5
configure:5021: $? = 0
configure:5037: result: yes
configure:4994: checking for memory.h
configure:5015: gcc -c -g -O2  conftest.c >&5
configure:5021: $? = 0
configure:5037: result: yes
configure:4994: checking for strings.h
configure:5015: gcc -c -g -O2  conftest.c >&5
configure:5021: $? = 0
configure:5037: result: yes
configure:4994: checking for inttypes.h
configure:5015: gcc -c -g -O2  conftest.c >&5
configure:5021: $? = 0
configure:5037: result: yes
configure:4994: checking for stdint.h
configure:5015: gcc -c -g -O2  conftest.c >&5
configure:5021: $? = 0
configure:5037: result: yes
configure:4994: checking for unistd.h
configure:5015: gcc -c -g -O2  conftest.c >&5
configure:5021: $? = 0
configure:5037: result: yes
configure:5064: checking dlfcn.h usability
configure:5081: gcc -c -g -O2  conftest.c >&5
configure:5087: $? = 0
configure:5101: result: yes
configure:5105: checking dlfcn.h presence
configure:5120: gcc -E  conftest.c
configure:5126: $? = 0
configure:5140: result: yes
configure:5173: checking for dlfcn.h
configure:5181: result: yes
configure:5252: checking for g++
configure:5268: found /usr/bin/g++
configure:5279: result: g++
configure:5310: checking for C++ compiler version
configure:5317: g++ --version >&5
g++ (Debian 4.4.5-8) 4.4.5
Copyright (C) 2010 Free Software Foundation, Inc.
This is free software; see the source for copying conditions.  There is NO
warranty; not even for MERCHANTABILITY or FITNESS FOR A PARTICULAR PURPOSE.

configure:5320: $? = 0
configure:5327: g++ -v >&5
Using built-in specs.
Target: powerpc-linux-gnu
Configured with: ../src/configure -v --with-pkgversion='Debian 4.4.5-8' --with-bugurl=file:///usr/share/doc/gcc-4.4/README.Bugs --enable-languages=c,c++,fortran,objc,obj-c++ --prefix=/usr --program-suffix=-4.4 --enable-shared --enable-multiarch --enable-linker-build-id --with-system-zlib --libexecdir=/usr/lib --without-included-gettext --enable-threads=posix --with-gxx-include-dir=/usr/include/c++/4.4 --libdir=/usr/lib --enable-nls --enable-clocale=gnu --enable-libstdcxx-debug --enable-objc-gc --enable-secureplt --disable-softfloat --enable-targets=powerpc-linux,powerpc64-linux --with-cpu=default32 --with-long-double-128 --enable-checking=release --build=powerpc-linux-gnu --host=powerpc-linux-gnu --target=powerpc-linux-gnu
Thread model: posix
gcc version 4.4.5 (Debian 4.4.5-8) 
configure:5330: $? = 0
configure:5337: g++ -V >&5
g++: '-V' option must have argument
configure:5340: $? = 1
configure:5343: checking whether we are using the GNU C++ compiler
configure:5372: g++ -c   conftest.cpp >&5
configure:5378: $? = 0
configure:5395: result: yes
configure:5400: checking whether g++ accepts -g
configure:5430: g++ -c -g  conftest.cpp >&5
configure:5436: $? = 0
configure:5535: result: yes
configure:5560: checking dependency style of g++
configure:5651: result: gcc3
configure:5676: checking how to run the C++ preprocessor
configure:5712: g++ -E  conftest.cpp
configure:5718: $? = 0
configure:5749: g++ -E  conftest.cpp
conftest.cpp:21:28: error: ac_nonexistent.h: No such file or directory
configure:5755: $? = 1
configure: failed program was:
| /* confdefs.h.  */
| #define PACKAGE_NAME "xf86-video-cube"
| #define PACKAGE_TARNAME "xf86-video-cube"
| #define PACKAGE_VERSION "1.0.0"
| #define PACKAGE_STRING "xf86-video-cube 1.0.0"
| #define PACKAGE_BUGREPORT "https://bugs.freedesktop.org/enter_bug.cgi?product=xorg"
| #define PACKAGE "xf86-video-cube"
| #define VERSION "1.0.0"
| #define STDC_HEADERS 1
| #define HAVE_SYS_TYPES_H 1
| #define HAVE_SYS_STAT_H 1
| #define HAVE_STDLIB_H 1
| #define HAVE_STRING_H 1
| #define HAVE_MEMORY_H 1
| #define HAVE_STRINGS_H 1
| #define HAVE_INTTYPES_H 1
| #define HAVE_STDINT_H 1
| #define HAVE_UNISTD_H 1
| #define HAVE_DLFCN_H 1
| /* end confdefs.h.  */
| #include <ac_nonexistent.h>
configure:5788: result: g++ -E
configure:5817: g++ -E  conftest.cpp
configure:5823: $? = 0
configure:5854: g++ -E  conftest.cpp
conftest.cpp:21:28: error: ac_nonexistent.h: No such file or directory
configure:5860: $? = 1
configure: failed program was:
| /* confdefs.h.  */
| #define PACKAGE_NAME "xf86-video-cube"
| #define PACKAGE_TARNAME "xf86-video-cube"
| #define PACKAGE_VERSION "1.0.0"
| #define PACKAGE_STRING "xf86-video-cube 1.0.0"
| #define PACKAGE_BUGREPORT "https://bugs.freedesktop.org/enter_bug.cgi?product=xorg"
| #define PACKAGE "xf86-video-cube"
| #define VERSION "1.0.0"
| #define STDC_HEADERS 1
| #define HAVE_SYS_TYPES_H 1
| #define HAVE_SYS_STAT_H 1
| #define HAVE_STDLIB_H 1
| #define HAVE_STRING_H 1
| #define HAVE_MEMORY_H 1
| #define HAVE_STRINGS_H 1
| #define HAVE_INTTYPES_H 1
| #define HAVE_STDINT_H 1
| #define HAVE_UNISTD_H 1
| #define HAVE_DLFCN_H 1
| /* end confdefs.h.  */
| #include <ac_nonexistent.h>
configure:5953: checking for g77
configure:5983: result: no
configure:5953: checking for xlf
configure:5983: result: no
configure:5953: checking for f77
configure:5983: result: no
configure:5953: checking for frt
configure:5983: result: no
configure:5953: checking for pgf77
configure:5983: result: no
configure:5953: checking for cf77
configure:5983: result: no
configure:5953: checking for fort77
configure:5983: result: no
configure:5953: checking for fl32
configure:5983: result: no
configure:5953: checking for af77
configure:5983: result: no
configure:5953: checking for xlf90
configure:5983: result: no
configure:5953: checking for f90
configure:5983: result: no
configure:5953: checking for pgf90
configure:5983: result: no
configure:5953: checking for pghpf
configure:5983: result: no
configure:5953: checking for epcf90
configure:5983: result: no
configure:5953: checking for gfortran
configure:5983: result: no
configure:5953: checking for g95
configure:5983: result: no
configure:5953: checking for xlf95
configure:5983: result: no
configure:5953: checking for f95
configure:5983: result: no
configure:5953: checking for fort
configure:5983: result: no
configure:5953: checking for ifort
configure:5983: result: no
configure:5953: checking for ifc
configure:5983: result: no
configure:5953: checking for efc
configure:5983: result: no
configure:5953: checking for pgf95
configure:5983: result: no
configure:5953: checking for lf95
configure:5983: result: no
configure:5953: checking for ftn
configure:5983: result: no
configure:6010: checking for Fortran 77 compiler version
configure:6017:  --version >&5
./configure: line 6018: --version: command not found
configure:6020: $? = 127
configure:6027:  -v >&5
./configure: line 6028: -v: command not found
configure:6030: $? = 127
configure:6037:  -V >&5
./configure: line 6038: -V: command not found
configure:6040: $? = 127
configure:6048: checking whether we are using the GNU Fortran 77 compiler
configure:6067:  -c  conftest.F >&5
./configure: line 6068: -c: command not found
configure:6073: $? = 127
configure: failed program was:
|       program main
| #ifndef __GNUC__
|        choke me
| #endif
| 
|       end
configure:6090: result: no
configure:6096: checking whether  accepts -g
configure:6113:  -c -g conftest.f >&5
./configure: line 6114: -c: command not found
configure:6119: $? = 127
configure: failed program was:
|       program main
| 
|       end
configure:6135: result: no
configure:6165: checking the maximum length of command line arguments
configure:6277: result: 1572864
configure:6289: checking command to parse /usr/bin/nm -B output from gcc object
configure:6394: gcc -c -g -O2  conftest.c >&5
configure:6397: $? = 0
configure:6401: /usr/bin/nm -B conftest.o \| sed -n -e 's/^.*[ 	]\([ABCDGIRSTW][ABCDGIRSTW]*\)[ 	][ 	]*\([_A-Za-z][_A-Za-z0-9]*\)$/\1 \2 \2/p' \> conftest.nm
configure:6404: $? = 0
configure:6456: gcc -o conftest -g -O2   conftest.c conftstm.o >&5
configure:6459: $? = 0
configure:6497: result: ok
configure:6501: checking for objdir
configure:6516: result: .libs
configure:6608: checking for ar
configure:6624: found /usr/bin/ar
configure:6635: result: ar
configure:6704: checking for ranlib
configure:6720: found /usr/bin/ranlib
configure:6731: result: ranlib
configure:6800: checking for strip
configure:6816: found /usr/bin/strip
configure:6827: result: strip
configure:7113: checking if gcc supports -fno-rtti -fno-exceptions
configure:7131: gcc -c -g -O2  -fno-rtti -fno-exceptions conftest.c >&5
cc1: warning: command line option "-fno-rtti" is valid for C++/ObjC++ but not for C
configure:7135: $? = 0
configure:7148: result: no
configure:7163: checking for gcc option to produce PIC
configure:7395: result: -fPIC
configure:7403: checking if gcc PIC flag -fPIC works
configure:7421: gcc -c -g -O2  -fPIC -DPIC conftest.c >&5
configure:7425: $? = 0
configure:7438: result: yes
configure:7466: checking if gcc static flag -static works
configure:7494: result: yes
configure:7504: checking if gcc supports -c -o file.o
configure:7525: gcc -c -g -O2  -o out/conftest2.o conftest.c >&5
configure:7529: $? = 0
configure:7551: result: yes
configure:7577: checking whether the gcc linker (/usr/bin/ld) supports shared libraries
configure:8557: result: yes
configure:8578: checking whether -lc should be explicitly linked in
configure:8583: gcc -c -g -O2  conftest.c >&5
configure:8586: $? = 0
configure:8601: gcc -shared conftest.o  -v -Wl,-soname -Wl,conftest -o conftest 2\>\&1 \| grep  -lc  \>/dev/null 2\>\&1
configure:8604: $? = 0
configure:8616: result: no
configure:8624: checking dynamic linker characteristics
configure:9228: result: GNU/Linux ld.so
configure:9237: checking how to hardcode library paths into programs
configure:9262: result: immediate
configure:9276: checking whether stripping libraries is possible
configure:9281: result: yes
configure:10083: checking if libtool supports shared libraries
configure:10085: result: yes
configure:10088: checking whether to build shared libraries
configure:10109: result: yes
configure:10112: checking whether to build static libraries
configure:10116: result: no
configure:10209: creating libtool
configure:10797: checking for ld used by g++
configure:10864: result: /usr/bin/ld
configure:10873: checking if the linker (/usr/bin/ld) is GNU ld
configure:10888: result: yes
configure:10939: checking whether the g++ linker (/usr/bin/ld) supports shared libraries
configure:11913: result: yes
configure:11931: g++ -c -g -O2  conftest.cpp >&5
configure:11934: $? = 0
configure:12086: checking for g++ option to produce PIC
configure:12370: result: -fPIC
configure:12378: checking if g++ PIC flag -fPIC works
configure:12396: g++ -c -g -O2  -fPIC -DPIC conftest.cpp >&5
configure:12400: $? = 0
configure:12413: result: yes
configure:12441: checking if g++ static flag -static works
configure:12469: result: yes
configure:12479: checking if g++ supports -c -o file.o
configure:12500: g++ -c -g -O2  -o out/conftest2.o conftest.cpp >&5
configure:12504: $? = 0
configure:12526: result: yes
configure:12552: checking whether the g++ linker (/usr/bin/ld) supports shared libraries
configure:12577: result: yes
configure:12644: checking dynamic linker characteristics
configure:13196: result: GNU/Linux ld.so
configure:13205: checking how to hardcode library paths into programs
configure:13230: result: immediate
configure:19453: checking for gcc
configure:19480: result: gcc
configure:19718: checking for C compiler version
configure:19725: gcc --version >&5
gcc (Debian 4.4.5-8) 4.4.5
Copyright (C) 2010 Free Software Foundation, Inc.
This is free software; see the source for copying conditions.  There is NO
warranty; not even for MERCHANTABILITY or FITNESS FOR A PARTICULAR PURPOSE.

configure:19728: $? = 0
configure:19735: gcc -v >&5
Using built-in specs.
Target: powerpc-linux-gnu
Configured with: ../src/configure -v --with-pkgversion='Debian 4.4.5-8' --with-bugurl=file:///usr/share/doc/gcc-4.4/README.Bugs --enable-languages=c,c++,fortran,objc,obj-c++ --prefix=/usr --program-suffix=-4.4 --enable-shared --enable-multiarch --enable-linker-build-id --with-system-zlib --libexecdir=/usr/lib --without-included-gettext --enable-threads=posix --with-gxx-include-dir=/usr/include/c++/4.4 --libdir=/usr/lib --enable-nls --enable-clocale=gnu --enable-libstdcxx-debug --enable-objc-gc --enable-secureplt --disable-softfloat --enable-targets=powerpc-linux,powerpc64-linux --with-cpu=default32 --with-long-double-128 --enable-checking=release --build=powerpc-linux-gnu --host=powerpc-linux-gnu --target=powerpc-linux-gnu
Thread model: posix
gcc version 4.4.5 (Debian 4.4.5-8) 
configure:19738: $? = 0
configure:19745: gcc -V >&5
gcc: '-V' option must have argument
configure:19748: $? = 1
configure:19751: checking whether we are using the GNU C compiler
configure:19803: result: yes
configure:19808: checking whether gcc accepts -g
configure:19943: result: yes
configure:19960: checking for gcc option to accept ISO C89
configure:20063: result: none needed
configure:20083: checking dependency style of gcc
configure:20174: result: gcc3
configure:20239: gcc -c -g -O2 -I/usr/include/xorg  conftest.c >&5
configure:20245: $? = 0
configure:20260: checking if RANDR is defined
configure:20262: result: yes
configure:20297: gcc -c -g -O2 -I/usr/include/xorg  conftest.c >&5
configure:20303: $? = 0
configure:20318: checking if RENDER is defined
configure:20320: result: yes
configure:20355: gcc -c -g -O2 -I/usr/include/xorg  conftest.c >&5
configure:20361: $? = 0
configure:20376: checking if XV is defined
configure:20378: result: yes
configure:20435: checking for pkg-config
configure:20453: found /usr/bin/pkg-config
configure:20465: result: /usr/bin/pkg-config
configure:20494: checking pkg-config is at least version 0.9.0
configure:20497: result: yes
configure:20508: checking for XORG
configure:20516: $PKG_CONFIG --exists --print-errors "xorg-server >= 1.0.99.901 xproto fontsproto $REQUIRED_MODULES"
configure:20519: $? = 0
configure:20534: $PKG_CONFIG --exists --print-errors "xorg-server >= 1.0.99.901 xproto fontsproto $REQUIRED_MODULES"
configure:20537: $? = 0
configure:20613: result: yes
configure:20750: checking for ANSI C header files
configure:20914: result: yes
configure:21186: creating ./config.status

## ---------------------- ##
## Running config.status. ##
## ---------------------- ##

This file was extended by xf86-video-cube config.status 1.0.0, which was
generated by GNU Autoconf 2.61.  Invocation command line was

  CONFIG_FILES    = 
  CONFIG_HEADERS  = 
  CONFIG_LINKS    = 
  CONFIG_COMMANDS = 
  $ ./config.status 

on whiite

config.status:688: creating Makefile
config.status:688: creating src/Makefile
config.status:688: creating man/Makefile
config.status:688: creating config.h
config.status:919: config.h is unchanged
config.status:965: executing depfiles commands

## ---------------- ##
## Cache variables. ##
## ---------------- ##

ac_cv_build=powerpc-unknown-linux-gnu
ac_cv_c_compiler_gnu=yes
ac_cv_cxx_compiler_gnu=yes
ac_cv_env_CCC_set=
ac_cv_env_CCC_value=
ac_cv_env_CC_set=
ac_cv_env_CC_value=
ac_cv_env_CFLAGS_set=
ac_cv_env_CFLAGS_value=
ac_cv_env_CPPFLAGS_set=
ac_cv_env_CPPFLAGS_value=
ac_cv_env_CPP_set=
ac_cv_env_CPP_value=
ac_cv_env_CXXCPP_set=
ac_cv_env_CXXCPP_value=
ac_cv_env_CXXFLAGS_set=
ac_cv_env_CXXFLAGS_value=
ac_cv_env_CXX_set=
ac_cv_env_CXX_value=
ac_cv_env_F77_set=
ac_cv_env_F77_value=
ac_cv_env_FFLAGS_set=
ac_cv_env_FFLAGS_value=
ac_cv_env_LDFLAGS_set=
ac_cv_env_LDFLAGS_value=
ac_cv_env_LIBS_set=
ac_cv_env_LIBS_value=
ac_cv_env_PCIACCESS_CFLAGS_set=
ac_cv_env_PCIACCESS_CFLAGS_value=
ac_cv_env_PCIACCESS_LIBS_set=
ac_cv_env_PCIACCESS_LIBS_value=
ac_cv_env_PKG_CONFIG_set=
ac_cv_env_PKG_CONFIG_value=
ac_cv_env_XORG_CFLAGS_set=
ac_cv_env_XORG_CFLAGS_value=
ac_cv_env_XORG_LIBS_set=
ac_cv_env_XORG_LIBS_value=
ac_cv_env_build_alias_set=
ac_cv_env_build_alias_value=
ac_cv_env_host_alias_set=
ac_cv_env_host_alias_value=
ac_cv_env_target_alias_set=
ac_cv_env_target_alias_value=
ac_cv_f77_compiler_gnu=no
ac_cv_header_dlfcn_h=yes
ac_cv_header_inttypes_h=yes
ac_cv_header_memory_h=yes
ac_cv_header_stdc=yes
ac_cv_header_stdint_h=yes
ac_cv_header_stdlib_h=yes
ac_cv_header_string_h=yes
ac_cv_header_strings_h=yes
ac_cv_header_sys_stat_h=yes
ac_cv_header_sys_types_h=yes
ac_cv_header_unistd_h=yes
ac_cv_host=powerpc-unknown-linux-gnu
ac_cv_objext=o
ac_cv_path_EGREP='/bin/grep -E'
ac_cv_path_GREP=/bin/grep
ac_cv_path_ac_pt_PKG_CONFIG=/usr/bin/pkg-config
ac_cv_path_install='/usr/bin/install -c'
ac_cv_path_mkdir=/bin/mkdir
ac_cv_prog_AWK=mawk
ac_cv_prog_CPP='gcc -E'
ac_cv_prog_CXXCPP='g++ -E'
ac_cv_prog_ac_ct_AR=ar
ac_cv_prog_ac_ct_CC=gcc
ac_cv_prog_ac_ct_CXX=g++
ac_cv_prog_ac_ct_RANLIB=ranlib
ac_cv_prog_ac_ct_STRIP=strip
ac_cv_prog_cc_c89=
ac_cv_prog_cc_g=yes
ac_cv_prog_cxx_g=yes
ac_cv_prog_f77_g=no
ac_cv_prog_make_make_set=yes
am_cv_CC_dependencies_compiler_type=gcc3
am_cv_CXX_dependencies_compiler_type=gcc3
lt_cv_deplibs_check_method=pass_all
lt_cv_file_magic_cmd='$MAGIC_CMD'
lt_cv_file_magic_test_file=
lt_cv_ld_reload_flag=-r
lt_cv_objdir=.libs
lt_cv_path_LD=/usr/bin/ld
lt_cv_path_LDCXX=/usr/bin/ld
lt_cv_path_NM='/usr/bin/nm -B'
lt_cv_path_SED=/bin/sed
lt_cv_prog_compiler_c_o=yes
lt_cv_prog_compiler_c_o_CXX=yes
lt_cv_prog_compiler_rtti_exceptions=no
lt_cv_prog_gnu_ld=yes
lt_cv_prog_gnu_ldcxx=yes
lt_cv_sys_global_symbol_pipe='sed -n -e '\''s/^.*[ 	]\([ABCDGIRSTW][ABCDGIRSTW]*\)[ 	][ 	]*\([_A-Za-z][_A-Za-z0-9]*\)$/\1 \2 \2/p'\'''
lt_cv_sys_global_symbol_to_c_name_address='sed -n -e '\''s/^: \([^ ]*\) $/  {\"\1\", (lt_ptr) 0},/p'\'' -e '\''s/^[BCDEGRST] \([^ ]*\) \([^ ]*\)$/  {"\2", (lt_ptr) \&\2},/p'\'''
lt_cv_sys_global_symbol_to_cdecl='sed -n -e '\''s/^. .* \(.*\)$/extern int \1;/p'\'''
lt_cv_sys_max_cmd_len=1572864
lt_lt_cv_prog_compiler_c_o='"yes"'
lt_lt_cv_prog_compiler_c_o_CXX='"yes"'
lt_lt_cv_sys_global_symbol_pipe='"sed -n -e '\''s/^.*[ 	]\\([ABCDGIRSTW][ABCDGIRSTW]*\\)[ 	][ 	]*\\([_A-Za-z][_A-Za-z0-9]*\\)\$/\\1 \\2 \\2/p'\''"'
lt_lt_cv_sys_global_symbol_to_c_name_address='"sed -n -e '\''s/^: \\([^ ]*\\) \$/  {\\\"\\1\\\", (lt_ptr) 0},/p'\'' -e '\''s/^[BCDEGRST] \\([^ ]*\\) \\([^ ]*\\)\$/  {\"\\2\", (lt_ptr) \\&\\2},/p'\''"'
lt_lt_cv_sys_global_symbol_to_cdecl='"sed -n -e '\''s/^. .* \\(.*\\)\$/extern int \\1;/p'\''"'
pkg_cv_XORG_CFLAGS='-fvisibility=hidden -I/usr/include/xorg -I/usr/include/pixman-1  '
pkg_cv_XORG_LIBS='-lpixman-1 -lpciaccess  '

## ----------------- ##
## Output variables. ##
## ----------------- ##

ACLOCAL='${SHELL} /home/lucas/xorg/xf86-video-cube/missing --run aclocal-1.10'
ADMIN_MAN_DIR='$(mandir)/man$(ADMIN_MAN_SUFFIX)'
ADMIN_MAN_SUFFIX='8'
AMDEPBACKSLASH='\'
AMDEP_FALSE='#'
AMDEP_TRUE=''
AMTAR='${SHELL} /home/lucas/xorg/xf86-video-cube/missing --run tar'
APP_MAN_DIR='$(mandir)/man$(APP_MAN_SUFFIX)'
APP_MAN_SUFFIX='1'
AR='ar'
AUTOCONF='${SHELL} /home/lucas/xorg/xf86-video-cube/missing --run autoconf'
AUTOHEADER='${SHELL} /home/lucas/xorg/xf86-video-cube/missing --run autoheader'
AUTOMAKE='${SHELL} /home/lucas/xorg/xf86-video-cube/missing --run automake-1.10'
AWK='mawk'
CC='gcc'
CCDEPMODE='depmode=gcc3'
CFLAGS='-g -O2'
CPP='gcc -E'
CPPFLAGS=''
CXX='g++'
CXXCPP='g++ -E'
CXXDEPMODE='depmode=gcc3'
CXXFLAGS='-g -O2'
CYGPATH_W='echo'
DEFS='-DHAVE_CONFIG_H'
DEPDIR='.deps'
DRIVER_MAN_DIR='$(mandir)/man$(DRIVER_MAN_SUFFIX)'
DRIVER_MAN_SUFFIX='4'
DRIVER_NAME='cube'
ECHO='echo'
ECHO_C=''
ECHO_N='-n'
ECHO_T=''
EGREP='/bin/grep -E'
EXEEXT=''
F77=''
FFLAGS=''
FILE_MAN_DIR='$(mandir)/man$(FILE_MAN_SUFFIX)'
FILE_MAN_SUFFIX='5'
GREP='/bin/grep'
INSTALL_DATA='${INSTALL} -m 644'
INSTALL_PROGRAM='${INSTALL}'
INSTALL_SCRIPT='${INSTALL}'
INSTALL_STRIP_PROGRAM='$(install_sh) -c -s'
LDFLAGS=''
LIBOBJS=''
LIBS=''
LIBTOOL='$(SHELL) $(top_builddir)/libtool'
LIB_MAN_DIR='$(mandir)/man$(LIB_MAN_SUFFIX)'
LIB_MAN_SUFFIX='3'
LN_S='ln -s'
LTLIBOBJS=''
MAINT='#'
MAINTAINER_MODE_FALSE=''
MAINTAINER_MODE_TRUE='#'
MAKEINFO='${SHELL} /home/lucas/xorg/xf86-video-cube/missing --run makeinfo'
MISC_MAN_DIR='$(mandir)/man$(MISC_MAN_SUFFIX)'
MISC_MAN_SUFFIX='7'
OBJEXT='o'
PACKAGE='xf86-video-cube'
PACKAGE_BUGREPORT='https://bugs.freedesktop.org/enter_bug.cgi?product=xorg'
PACKAGE_NAME='xf86-video-cube'
PACKAGE_STRING='xf86-video-cube 1.0.0'
PACKAGE_TARNAME='xf86-video-cube'
PACKAGE_VERSION='1.0.0'
PATH_SEPARATOR=':'
PCIACCESS_CFLAGS=''
PCIACCESS_FALSE=''
PCIACCESS_LIBS=''
PCIACCESS_TRUE='#'
PKG_CONFIG='/usr/bin/pkg-config'
RANLIB='ranlib'
SED='/bin/sed'
SET_MAKE=''
SHELL='/bin/bash'
STRIP='strip'
VERSION='1.0.0'
XORG_CFLAGS='-fvisibility=hidden -I/usr/include/xorg -I/usr/include/pixman-1  '
XORG_LIBS='-lpixman-1 -lpciaccess  '
ac_ct_CC='gcc'
ac_ct_CXX='g++'
ac_ct_F77=''
am__fastdepCC_FALSE='#'
am__fastdepCC_TRUE=''
am__fastdepCXX_FALSE='#'
am__fastdepCXX_TRUE=''
am__include='include'
am__isrc=''
am__leading_dot='.'
am__quote=''
am__tar='${AMTAR} chof - "$$tardir"'
am__untar='${AMTAR} xf -'
bindir='${exec_prefix}/bin'
build='powerpc-unknown-linux-gnu'
build_alias=''
build_cpu='powerpc'
build_os='linux-gnu'
build_vendor='unknown'
datadir='${datarootdir}'
datarootdir='${prefix}/share'
docdir='${datarootdir}/doc/${PACKAGE_TARNAME}'
dvidir='${docdir}'
exec_prefix='${prefix}'
host='powerpc-unknown-linux-gnu'
host_alias=''
host_cpu='powerpc'
host_os='linux-gnu'
host_vendor='unknown'
htmldir='${docdir}'
includedir='${prefix}/include'
infodir='${datarootdir}/info'
install_sh='$(SHELL) /home/lucas/xorg/xf86-video-cube/install-sh'
libdir='${exec_prefix}/lib'
libexecdir='${exec_prefix}/libexec'
localedir='${datarootdir}/locale'
localstatedir='${prefix}/var'
mandir='${datarootdir}/man'
mkdir_p='/bin/mkdir -p'
moduledir='${exec_prefix}/lib/xorg/modules'
oldincludedir='/usr/include'
pdfdir='${docdir}'
prefix='/usr/local'
program_transform_name='s,x,x,'
psdir='${docdir}'
sbindir='${exec_prefix}/sbin'
sharedstatedir='${prefix}/com'
sysconfdir='${prefix}/etc'
target_alias=''

## ----------- ##
## confdefs.h. ##
## ----------- ##

#define PACKAGE_NAME "xf86-video-cube"
#define PACKAGE_TARNAME "xf86-video-cube"
#define PACKAGE_VERSION "1.0.0"
#define PACKAGE_STRING "xf86-video-cube 1.0.0"
#define PACKAGE_BUGREPORT "https://bugs.freedesktop.org/enter_bug.cgi?product=xorg"
#define PACKAGE "xf86-video-cube"
#define VERSION "1.0.0"
#define STDC_HEADERS 1
#define HAVE_SYS_TYPES_H 1
#define HAVE_SYS_STAT_H 1
#define HAVE_STDLIB_H 1
#define HAVE_STRING_H 1
#define HAVE_MEMORY_H 1
#define HAVE_STRINGS_H 1
#define HAVE_INTTYPES_H 1
#define HAVE_STDINT_H 1
#define HAVE_UNISTD_H 1
#define HAVE_DLFCN_H 1
#define STDC_HEADERS 1
#define PACKAGE_VERSION_MAJOR 1
#define PACKAGE_VERSION_MINOR 0
#define PACKAGE_VERSION_PATCHLEVEL 0

configure: exit 0
